# JRE version: 7.0_10-b18
# Java VM: Java HotSpot(TM) Client VM (23.6-b04 mixed mode, sharing windows-x86 )
Heap
 def new generation   total 63808K, used 26015K [0x239e0000, 0x27f10000, 0x28f30000)
  eden space 56768K,  33% used [0x239e0000, 0x24c67c00, 0x27150000)
  from space 7040K, 100% used [0x27830000, 0x27f10000, 0x27f10000)
  to   space 7040K,   0% used [0x27150000, 0x27150000, 0x27830000)
 tenured generation   total 141532K, used 140878K [0x28f30000, 0x31967000, 0x339e0000)
   the space 141532K,  99% used [0x28f30000, 0x318c3aa0, 0x318c3c00, 0x31967000)
 compacting perm gen  total 12288K, used 1984K [0x339e0000, 0x345e0000, 0x379e0000)
   the space 12288K,  16% used [0x339e0000, 0x33bd01c8, 0x33bd0200, 0x345e0000)
    ro space 10240K,  42% used [0x379e0000, 0x37e208b0, 0x37e20a00, 0x383e0000)
    rw space 12288K,  54% used [0x383e0000, 0x38a60bf8, 0x38a60c00, 0x38fe0000)
GC Heap History (10 events):
Event: 327.106 GC heap before
{Heap before GC invocations=25 (full 6):
 def new generation   total 63808K, used 57130K [0x239e0000, 0x27f10000, 0x28f30000)
  eden space 56768K, 100% used [0x239e0000, 0x27150000, 0x27150000)
  from space 7040K,   5% used [0x27150000, 0x271aa9e0, 0x27830000)
  to   space 7040K,   0% used [0x27830000, 0x27830000, 0x27f10000)
 tenured generation   total 141532K, used 127706K [0x28f30000, 0x31967000, 0x339e0000)
   the space 141532K,  90% used [0x28f30000, 0x30be6ba0, 0x30be6c00, 0x31967000)
 compacting perm gen  total 12288K, used 1981K [0x339e0000, 0x345e0000, 0x379e0000)
   the space 12288K,  16% used [0x339e0000, 0x33bcf6c0, 0x33bcf800, 0x345e0000)
    ro space 10240K,  42% used [0x379e0000, 0x37e208b0, 0x37e20a00, 0x383e0000)
    rw space 12288K,  54% used [0x383e0000, 0x38a60bf8, 0x38a60c00, 0x38fe0000)
Event: 327.116 GC heap after
Heap after GC invocations=26 (full 6):
 def new generation   total 63808K, used 1095K [0x239e0000, 0x27f10000, 0x28f30000)
  eden space 56768K,   0% used [0x239e0000, 0x239e0000, 0x27150000)
  from space 7040K,  15% used [0x27830000, 0x27941ee0, 0x27f10000)
  to   space 7040K,   0% used [0x27150000, 0x27150000, 0x27830000)
 tenured generation   total 141532K, used 127706K [0x28f30000, 0x31967000, 0x339e0000)
   the space 141532K,  90% used [0x28f30000, 0x30be6ba0, 0x30be6c00, 0x31967000)
 compacting perm gen  total 12288K, used 1981K [0x339e0000, 0x345e0000, 0x379e0000)
   the space 12288K,  16% used [0x339e0000, 0x33bcf6c0, 0x33bcf800, 0x345e0000)
    ro space 10240K,  42% used [0x379e0000, 0x37e208b0, 0x37e20a00, 0x383e0000)
    rw space 12288K,  54% used [0x383e0000, 0x38a60bf8, 0x38a60c00, 0x38fe0000)
}
Event: 398.936 GC heap before
{Heap before GC invocations=26 (full 6):
 def new generation   total 63808K, used 57863K [0x239e0000, 0x27f10000, 0x28f30000)
  eden space 56768K, 100% used [0x239e0000, 0x27150000, 0x27150000)
  from space 7040K,  15% used [0x27830000, 0x27941ee0, 0x27f10000)
  to   space 7040K,   0% used [0x27150000, 0x27150000, 0x27830000)
 tenured generation   total 141532K, used 127706K [0x28f30000, 0x31967000, 0x339e0000)
   the space 141532K,  90% used [0x28f30000, 0x30be6ba0, 0x30be6c00, 0x31967000)
 compacting perm gen  total 12288K, used 1981K [0x339e0000, 0x345e0000, 0x379e0000)
   the space 12288K,  16% used [0x339e0000, 0x33bcf6c0, 0x33bcf800, 0x345e0000)
    ro space 10240K,  42% used [0x379e0000, 0x37e208b0, 0x37e20a00, 0x383e0000)
    rw space 12288K,  54% used [0x383e0000, 0x38a60bf8, 0x38a60c00, 0x38fe0000)
Event: 398.946 GC heap after
Heap after GC invocations=27 (full 6):
 def new generation   total 63808K, used 1163K [0x239e0000, 0x27f10000, 0x28f30000)
  eden space 56768K,   0% used [0x239e0000, 0x239e0000, 0x27150000)
  from space 7040K,  16% used [0x27150000, 0x27272d70, 0x27830000)
  to   space 7040K,   0% used [0x27830000, 0x27830000, 0x27f10000)
 tenured generation   total 141532K, used 127706K [0x28f30000, 0x31967000, 0x339e0000)
   the space 141532K,  90% used [0x28f30000, 0x30be6ba0, 0x30be6c00, 0x31967000)
 compacting perm gen  total 12288K, used 1981K [0x339e0000, 0x345e0000, 0x379e0000)
   the space 12288K,  16% used [0x339e0000, 0x33bcf6c0, 0x33bcf800, 0x345e0000)
    ro space 10240K,  42% used [0x379e0000, 0x37e208b0, 0x37e20a00, 0x383e0000)
    rw space 12288K,  54% used [0x383e0000, 0x38a60bf8, 0x38a60c00, 0x38fe0000)
}
Event: 462.102 GC heap before
{Heap before GC invocations=27 (full 6):
 def new generation   total 63808K, used 57931K [0x239e0000, 0x27f10000, 0x28f30000)
  eden space 56768K, 100% used [0x239e0000, 0x27150000, 0x27150000)
  from space 7040K,  16% used [0x27150000, 0x27272d70, 0x27830000)
  to   space 7040K,   0% used [0x27830000, 0x27830000, 0x27f10000)
 tenured generation   total 141532K, used 127706K [0x28f30000, 0x31967000, 0x339e0000)
   the space 141532K,  90% used [0x28f30000, 0x30be6ba0, 0x30be6c00, 0x31967000)
 compacting perm gen  total 12288K, used 1981K [0x339e0000, 0x345e0000, 0x379e0000)
   the space 12288K,  16% used [0x339e0000, 0x33bcf6c0, 0x33bcf800, 0x345e0000)
    ro space 10240K,  42% used [0x379e0000, 0x37e208b0, 0x37e20a00, 0x383e0000)
    rw space 12288K,  54% used [0x383e0000, 0x38a60bf8, 0x38a60c00, 0x38fe0000)
Event: 462.124 GC heap after
Heap after GC invocations=28 (full 6):
 def new generation   total 63808K, used 6968K [0x239e0000, 0x27f10000, 0x28f30000)
  eden space 56768K,   0% used [0x239e0000, 0x239e0000, 0x27150000)
  from space 7040K,  98% used [0x27830000, 0x27efe3f8, 0x27f10000)
  to   space 7040K,   0% used [0x27150000, 0x27150000, 0x27830000)
 tenured generation   total 141532K, used 129225K [0x28f30000, 0x31967000, 0x339e0000)
   the space 141532K,  91% used [0x28f30000, 0x30d62778, 0x30d62800, 0x31967000)
 compacting perm gen  total 12288K, used 1981K [0x339e0000, 0x345e0000, 0x379e0000)
   the space 12288K,  16% used [0x339e0000, 0x33bcf6c0, 0x33bcf800, 0x345e0000)
    ro space 10240K,  42% used [0x379e0000, 0x37e208b0, 0x37e20a00, 0x383e0000)
    rw space 12288K,  54% used [0x383e0000, 0x38a60bf8, 0x38a60c00, 0x38fe0000)
}
Event: 524.315 GC heap before
{Heap before GC invocations=28 (full 6):
 def new generation   total 63808K, used 62661K [0x239e0000, 0x27f10000, 0x28f30000)
  eden space 56768K,  98% used [0x239e0000, 0x270432a8, 0x27150000)
  from space 7040K,  98% used [0x27830000, 0x27efe3f8, 0x27f10000)
  to   space 7040K,   0% used [0x27150000, 0x27150000, 0x27830000)
 tenured generation   total 141532K, used 129225K [0x28f30000, 0x31967000, 0x339e0000)
   the space 141532K,  91% used [0x28f30000, 0x30d62778, 0x30d62800, 0x31967000)
 compacting perm gen  total 12288K, used 1981K [0x339e0000, 0x345e0000, 0x379e0000)
   the space 12288K,  16% used [0x339e0000, 0x33bcf6e0, 0x33bcf800, 0x345e0000)
    ro space 10240K,  42% used [0x379e0000, 0x37e208b0, 0x37e20a00, 0x383e0000)
    rw space 12288K,  54% used [0x383e0000, 0x38a60bf8, 0x38a60c00, 0x38fe0000)
Event: 524.344 GC heap after
Heap after GC invocations=29 (full 6):
 def new generation   total 63808K, used 6332K [0x239e0000, 0x27f10000, 0x28f30000)
  eden space 56768K,   0% used [0x239e0000, 0x239e0000, 0x27150000)
  from space 7040K,  89% used [0x27150000, 0x2777f0c0, 0x27830000)
  to   space 7040K,   0% used [0x27830000, 0x27830000, 0x27f10000)
 tenured generation   total 141532K, used 138246K [0x28f30000, 0x31967000, 0x339e0000)
   the space 141532K,  97% used [0x28f30000, 0x316318c8, 0x31631a00, 0x31967000)
 compacting perm gen  total 12288K, used 1981K [0x339e0000, 0x345e0000, 0x379e0000)
   the space 12288K,  16% used [0x339e0000, 0x33bcf6e0, 0x33bcf800, 0x345e0000)
    ro space 10240K,  42% used [0x379e0000, 0x37e208b0, 0x37e20a00, 0x383e0000)
    rw space 12288K,  54% used [0x383e0000, 0x38a60bf8, 0x38a60c00, 0x38fe0000)
}
Event: 569.548 GC heap before
{Heap before GC invocations=29 (full 6):
 def new generation   total 63808K, used 62708K [0x239e0000, 0x27f10000, 0x28f30000)
  eden space 56768K,  99% used [0x239e0000, 0x270ee038, 0x27150000)
  from space 7040K,  89% used [0x27150000, 0x2777f0c0, 0x27830000)
  to   space 7040K,   0% used [0x27830000, 0x27830000, 0x27f10000)
 tenured generation   total 141532K, used 138246K [0x28f30000, 0x31967000, 0x339e0000)
   the space 141532K,  97% used [0x28f30000, 0x316318c8, 0x31631a00, 0x31967000)
 compacting perm gen  total 12288K, used 1981K [0x339e0000, 0x345e0000, 0x379e0000)
   the space 12288K,  16% used [0x339e0000, 0x33bcf6e0, 0x33bcf800, 0x345e0000)
    ro space 10240K,  42% used [0x379e0000, 0x37e208b0, 0x37e20a00, 0x383e0000)
    rw space 12288K,  54% used [0x383e0000, 0x38a60bf8, 0x38a60c00, 0x38fe0000)
Event: 569.567 GC heap after
Heap after GC invocations=30 (full 6):
 def new generation   total 63808K, used 7040K [0x239e0000, 0x27f10000, 0x28f30000)
  eden space 56768K,   0% used [0x239e0000, 0x239e0000, 0x27150000)
  from space 7040K, 100% used [0x27830000, 0x27f10000, 0x27f10000)
  to   space 7040K,   0% used [0x27150000, 0x27150000, 0x27830000)
 tenured generation   total 141532K, used 140878K [0x28f30000, 0x31967000, 0x339e0000)
   the space 141532K,  99% used [0x28f30000, 0x318c3aa0, 0x318c3c00, 0x31967000)
 compacting perm gen  total 12288K, used 1981K [0x339e0000, 0x345e0000, 0x379e0000)
   the space 12288K,  16% used [0x339e0000, 0x33bcf6e0, 0x33bcf800, 0x345e0000)
    ro space 10240K,  42% used [0x379e0000, 0x37e208b0, 0x37e20a00, 0x383e0000)
    rw space 12288K,  54% used [0x383e0000, 0x38a60bf8, 0x38a60c00, 0x38fe0000)
}

